2018-06-11 09:24:02,354 INFO  [Log] Balances before purchasing tickets:
Cash Balance - 25.72
Bingo Bonus - 4.5
Game Bonus - 0.0 
2018-06-11 09:24:09,309 INFO  [Log] Balances after purchasing tickets:
Cash Balance - 25.72
Bingo Bonus - 4.5
Game Bonus - 0.0 
2018-06-11 09:29:35,621 INFO  [Log] Balances before purchasing tickets:
Cash Balance - 25.72
Bingo Bonus - 4.5
Game Bonus - 0.0 
2018-06-11 09:29:42,622 INFO  [Log] Balances after purchasing tickets:
Cash Balance - 25.72
Bingo Bonus - 4.5
Game Bonus - 0.0 
2018-06-11 09:31:57,758 INFO  [Log] Balances before purchasing tickets:
Cash Balance - 25.72
Bingo Bonus - 4.5
Game Bonus - 0.0 
2018-06-11 09:32:04,687 INFO  [Log] Balances after purchasing tickets:
Cash Balance - 25.72
Bingo Bonus - 4.5
Game Bonus - 0.0 
2018-06-11 09:36:36,370 INFO  [Log] Balances before purchasing tickets:
Cash Balance - 25.62
Bingo Bonus - 4.5
Game Bonus - 0.0 
2018-06-11 09:36:43,351 INFO  [Log] Balances after purchasing tickets:
Cash Balance - 25.62
Bingo Bonus - 4.5
Game Bonus - 0.0 
2018-06-11 09:40:55,244 INFO  [Log] Balances before purchasing tickets:
Cash Balance - 25.62
Bingo Bonus - 4.5
Game Bonus - 0.0 
2018-06-11 09:41:02,656 INFO  [Log] Balances after purchasing tickets:
Cash Balance - 25.62
Bingo Bonus - 4.5
Game Bonus - 0.0 
2018-06-11 09:46:17,995 INFO  [Log] Balances before purchasing tickets:
Cash Balance - 25.62
Bingo Bonus - 4.5
Game Bonus - 0.0 
2018-06-11 09:46:25,201 INFO  [Log] Balances after purchasing tickets:
Cash Balance - 25.52
Bingo Bonus - 4.5
Game Bonus - 0.0 
2018-06-11 09:46:44,588 INFO  [Log] Balances after purchasing tickets:
Cash Balance - 25.47
Bingo Bonus - 4.5
Game Bonus - 0.0 
2018-06-11 09:47:03,527 INFO  [Log] Balances after purchasing tickets:
Cash Balance - 25.47
Bingo Bonus - 4.5
Game Bonus - 0.0 
2018-06-13 09:50:53,039 INFO  [Log] Deposited 20 pounds for player 
2018-06-13 10:03:29,590 INFO  [Log] Deposited 20 pounds for player 
2018-06-13 10:10:56,466 INFO  [Log] Deposited 20 pounds for player 
2018-06-13 10:18:50,860 INFO  [Log] Deposited 20 pounds for player 
2018-06-13 10:21:42,342 INFO  [Log] Balances before purchasing tickets:
Cash Balance - 20.0
Bingo Bonus - 0.0
Game Bonus - 20.0 
2018-06-13 10:21:47,035 INFO  [Log] Balances after purchasing tickets:
Cash Balance - 19.9
Bingo Bonus - 0.0
Game Bonus - 20.0 
2018-06-13 10:34:45,250 INFO  [Log] Deposited 20 pounds for player 
2018-06-13 10:39:35,285 INFO  [Log] Balances before purchasing tickets:
Cash Balance - 20.0
Bingo Bonus - 0.0
Game Bonus - 20.0 
2018-06-13 10:39:40,446 INFO  [Log] Balances after purchasing tickets:
Cash Balance - 19.9
Bingo Bonus - 0.0
Game Bonus - 20.0 
2018-06-13 11:00:46,169 INFO  [Log] Deposited 20 pounds for player 
2018-06-13 11:03:41,510 INFO  [Log] Balances before purchasing tickets:
Cash Balance - 20.0
Bingo Bonus - 0.0
Game Bonus - 20.0 
2018-06-13 11:03:46,256 INFO  [Log] Balances after purchasing tickets:
Cash Balance - 19.9
Bingo Bonus - 0.0
Game Bonus - 20.0 
2018-06-13 11:12:09,471 INFO  [Log] Deposited 20 pounds for player 
2018-06-13 11:15:36,797 INFO  [Log] Balances before purchasing tickets:
Cash Balance - 20.0
Bingo Bonus - 0.0
Game Bonus - 20.0 
2018-06-13 11:15:41,972 INFO  [Log] Balances after purchasing tickets:
Cash Balance - 19.9
Bingo Bonus - 0.0
Game Bonus - 20.0 
2018-06-13 19:18:42,847 INFO  [Log] Deposited 20 pounds for player 
2018-06-13 19:21:29,815 INFO  [Log] Balances before purchasing tickets:
Cash Balance - 20.0
Bingo Bonus - 0.0
Game Bonus - 20.0 
2018-06-13 19:21:34,286 INFO  [Log] Balances after purchasing tickets:
Cash Balance - 19.9
Bingo Bonus - 0.0
Game Bonus - 20.0 
2018-06-14 10:04:44,672 INFO  [Log] Deposited 20 pounds for player 
2018-06-14 10:05:53,746 INFO  [Log] Balances before purchasing tickets:
Cash Balance - 20.0
Bingo Bonus - 0.0
Game Bonus - 20.0 
2018-06-14 10:05:58,588 INFO  [Log] Balances after purchasing tickets:
Cash Balance - 20.0
Bingo Bonus - 0.0
Game Bonus - 20.0 
2018-06-14 14:55:42,008 INFO  [Log] Deposited 20 pounds for player 
2018-06-14 14:57:38,033 INFO  [Log] Balances before purchasing tickets:
Cash Balance - 20.0
Bingo Bonus - 10.0
Game Bonus - 0.0 
2018-06-18 23:45:58,943 INFO  [Log] Deposited 20 pounds for player 
2018-06-18 23:46:29,628 INFO  [Log] Deposited  pounds for player 
2018-06-18 23:52:27,844 INFO  [Log] Deposited  pounds for player 
2018-06-19 00:46:14,604 INFO  [Log] Deposited  pounds for player 
2018-06-19 00:48:55,215 INFO  [Log] Deposited 15 pounds for player 
2018-07-03 11:50:16,599 INFO  [Log] Balances before purchasing tickets:
Cash Balance - 15.59
Bingo Bonus - 0.0
Game Bonus - 0.0 
2018-07-03 11:58:21,663 INFO  [Log] Balances before purchasing tickets:
Cash Balance - 19.55
Bingo Bonus - 0.0
Game Bonus - 0.0 
2018-07-03 11:58:28,176 INFO  [Log] Balances after purchasing tickets:
Cash Balance - 19.45
Bingo Bonus - 0.0
Game Bonus - 0.0 
2018-07-03 12:46:46,101 INFO  [Log] Balances before purchasing tickets:
Cash Balance - 19.8
Bingo Bonus - 0.0
Game Bonus - 0.0 
2018-07-03 12:46:50,858 INFO  [Log] Balances after purchasing tickets:
Cash Balance - 19.7
Bingo Bonus - 0.0
Game Bonus - 0.0 
2018-07-03 14:39:26,824 INFO  [Log] Balances before purchasing tickets:
Cash Balance - 20.8
Bingo Bonus - 0.0
Game Bonus - 0.0 
2018-07-03 15:04:53,250 INFO  [Log] Balances before purchasing tickets:
Cash Balance - 16.02
Bingo Bonus - 0.0
Game Bonus - 0.0 
2018-07-03 15:04:58,154 INFO  [Log] Balances after purchasing tickets:
Cash Balance - 15.92
Bingo Bonus - 0.0
Game Bonus - 0.0 
2018-07-03 15:11:34,511 INFO  [Log] Balances before purchasing tickets:
Cash Balance - 20.8
Bingo Bonus - 0.0
Game Bonus - 0.0 
2018-07-03 15:11:39,559 INFO  [Log] Balances after purchasing tickets:
Cash Balance - 20.7
Bingo Bonus - 0.0
Game Bonus - 0.0 
2018-07-03 15:16:02,667 INFO  [Log] Balances before purchasing tickets:
Cash Balance - 0.9
Bingo Bonus - 0.0
Game Bonus - 0.0 
2018-07-03 15:16:10,087 INFO  [Log] Balances after purchasing tickets:
Cash Balance - 0.8
Bingo Bonus - 0.0
Game Bonus - 0.0 
2018-07-03 15:22:03,095 INFO  [Log] Balances before purchasing tickets:
Cash Balance - 8.15
Bingo Bonus - 0.0
Game Bonus - 0.0 
2018-07-03 15:39:29,459 INFO  [Log] Balances before purchasing tickets:
Cash Balance - 8.15
Bingo Bonus - 0.0
Game Bonus - 0.0 
2018-07-03 15:39:34,444 INFO  [Log] Balances after purchasing tickets:
Cash Balance - 8.05
Bingo Bonus - 0.0
Game Bonus - 0.0 
2018-07-03 17:09:27,313 INFO  [Log] Balances before purchasing tickets:
Cash Balance - 8.05
Bingo Bonus - 0.0
Game Bonus - 0.0 
2018-07-03 17:09:32,032 INFO  [Log] Balances after purchasing tickets:
Cash Balance - 7.95
Bingo Bonus - 0.0
Game Bonus - 0.0 
2018-07-04 10:22:40,828 INFO  [Log] Balances before purchasing tickets:
Cash Balance - 7.95
Bingo Bonus - 0.0
Game Bonus - 0.0 
2018-07-04 10:22:45,449 INFO  [Log] Balances after purchasing tickets:
Cash Balance - 7.85
Bingo Bonus - 0.0
Game Bonus - 0.0 
2018-07-04 18:39:52,056 INFO  [Log] Balances before purchasing tickets:
Cash Balance - 0.0
Bingo Bonus - 0.0
Game Bonus - 0.0 
2018-07-04 18:40:03,711 INFO  [Log] Balances after purchasing tickets:
Cash Balance - 0.0
Bingo Bonus - 0.0
Game Bonus - 0.0 
2018-07-04 18:41:26,514 INFO  [Log] Balances before purchasing tickets:
Cash Balance - 28.0
Bingo Bonus - 0.0
Game Bonus - 0.0 
2018-07-04 18:57:24,527 INFO  [Log] Balances before purchasing tickets:
Cash Balance - 15.95
Bingo Bonus - 0.0
Game Bonus - 0.0 
2018-07-04 18:57:29,385 INFO  [Log] Balances after purchasing tickets:
Cash Balance - 15.85
Bingo Bonus - 0.0
Game Bonus - 0.0 
2018-07-04 18:59:08,052 INFO  [Log] Balances before purchasing tickets:
Cash Balance - 9.73
Bingo Bonus - 0.0
Game Bonus - 0.0 
2018-07-04 19:04:46,989 INFO  [Log] Balances before purchasing tickets:
Cash Balance - 15.85
Bingo Bonus - 0.0
Game Bonus - 0.0 
2018-07-04 19:04:51,987 INFO  [Log] Balances after purchasing tickets:
Cash Balance - 15.85
Bingo Bonus - 0.0
Game Bonus - 0.0 
2018-07-04 19:15:39,423 INFO  [Log] Balances before purchasing tickets:
Cash Balance - 15.85
Bingo Bonus - 0.0
Game Bonus - 0.0 
2018-07-04 19:21:35,215 INFO  [Log] Balances before purchasing tickets:
Cash Balance - 15.85
Bingo Bonus - 0.0
Game Bonus - 0.0 
2018-07-04 19:24:19,996 INFO  [Log] Balances before purchasing tickets:
Cash Balance - 15.75
Bingo Bonus - 0.0
Game Bonus - 0.0 
2018-07-05 10:03:40,983 INFO  [Log] Balances before purchasing tickets:
Cash Balance - 19.9
Bingo Bonus - 0.0
Game Bonus - 0.0 
2018-07-05 10:09:37,919 INFO  [Log] Balances before purchasing tickets:
Cash Balance - 19.9
Bingo Bonus - 0.0
Game Bonus - 0.0 
2018-07-05 10:09:42,779 INFO  [Log] Balances after purchasing tickets:
Cash Balance - 19.8
Bingo Bonus - 0.0
Game Bonus - 0.0 
2018-07-05 10:27:31,763 INFO  [Log] Balances before purchasing tickets:
Cash Balance - 24.4
Bingo Bonus - 0.0
Game Bonus - 0.0 
2018-07-05 10:33:58,014 INFO  [Log] Balances before purchasing tickets:
Cash Balance - 24.4
Bingo Bonus - 0.0
Game Bonus - 0.0 
2018-07-05 10:34:03,220 INFO  [Log] Balances after purchasing tickets:
Cash Balance - 24.4
Bingo Bonus - 0.0
Game Bonus - 0.0 
2018-07-05 10:45:35,809 INFO  [Log] Balances before purchasing tickets:
Cash Balance - 24.3
Bingo Bonus - 0.0
Game Bonus - 0.0 
2018-07-05 10:45:40,570 INFO  [Log] Balances after purchasing tickets:
Cash Balance - 24.3
Bingo Bonus - 0.0
Game Bonus - 0.0 
2018-07-05 11:09:48,521 INFO  [Log] Balances before purchasing tickets:
Cash Balance - 24.3
Bingo Bonus - 0.0
Game Bonus - 0.0 
2018-07-05 11:09:53,347 INFO  [Log] Balances after purchasing tickets:
Cash Balance - 24.3
Bingo Bonus - 0.0
Game Bonus - 0.0 
2018-07-05 11:15:57,857 INFO  [Log] Balances before purchasing tickets:
Cash Balance - 24.3
Bingo Bonus - 0.0
Game Bonus - 0.0 
2018-07-05 11:16:04,155 INFO  [Log] Balances after purchasing tickets:
Cash Balance - 24.2
Bingo Bonus - 0.0
Game Bonus - 0.0 
2018-07-05 11:21:40,071 INFO  [Log] Balances before purchasing tickets:
Cash Balance - 0.0
Bingo Bonus - 0.0
Game Bonus - 0.0 
2018-07-05 11:21:51,486 INFO  [Log] Balances before purchasing tickets:
Cash Balance - 14.86
Bingo Bonus - 0.0
Game Bonus - 0.0 
2018-07-05 11:21:56,147 INFO  [Log] Balances after purchasing tickets:
Cash Balance - 14.86
Bingo Bonus - 0.0
Game Bonus - 0.0 
2018-07-09 12:03:31,133 INFO  [Log] Balances before purchasing tickets:
Cash Balance - 11.44
Bingo Bonus - 0.0
Game Bonus - 0.0 
2018-07-09 12:03:36,138 INFO  [Log] Balances after purchasing tickets:
Cash Balance - 11.34
Bingo Bonus - 0.0
Game Bonus - 0.0 
2018-07-09 12:05:20,915 INFO  [Log] Balances before purchasing tickets:
Cash Balance - 16.46
Bingo Bonus - 0.0
Game Bonus - 0.0 
2018-07-09 12:05:25,711 INFO  [Log] Balances after purchasing tickets:
Cash Balance - 16.36
Bingo Bonus - 0.0
Game Bonus - 0.0 
2018-07-09 12:09:40,029 INFO  [Log] Balances before purchasing tickets:
Cash Balance - 18.86
Bingo Bonus - 0.0
Game Bonus - 0.0 
2018-07-09 12:09:44,783 INFO  [Log] Balances after purchasing tickets:
Cash Balance - 18.76
Bingo Bonus - 0.0
Game Bonus - 0.0 
2018-07-09 12:53:55,521 INFO  [Log] Balances before purchasing tickets:
Cash Balance - 0.0
Bingo Bonus - 0.0
Game Bonus - 0.0 
2018-07-09 13:00:49,959 INFO  [Log] Balances before purchasing tickets:
Cash Balance - 0.0
Bingo Bonus - 0.0
Game Bonus - 0.0 
2018-07-09 13:00:54,682 INFO  [Log] Balances after purchasing tickets:
Cash Balance - 0.0
Bingo Bonus - 0.0
Game Bonus - 0.0 
